<?xml version="1.0" encoding="UTF-8"?>
<testng-results ignored="0" total="1" passed="1" failed="0" skipped="0">
  <reporter-output>
  </reporter-output>
  <suite started-at="2025-12-23T12:21:36 IST" name="Surefire suite" finished-at="2025-12-23T12:22:02 IST" duration-ms="25588">
    <groups>
    </groups>
    <test started-at="2025-12-23T12:21:36 IST" name="Surefire test" finished-at="2025-12-23T12:22:02 IST" duration-ms="25588">
      <class name="com.automation.tests.LoginTest">
        <test-method is-config="true" signature="setup()[pri:0, instance:com.automation.tests.LoginTest@4b14c583]" started-at="2025-12-23T12:21:36 IST" name="setup" finished-at="2025-12-23T12:22:00 IST" duration-ms="23527" status="PASS">
          <reporter-output>
          </reporter-output>
        </test-method> <!-- setup -->
        <test-method signature="loginTest()[pri:0, instance:com.automation.tests.LoginTest@4b14c583]" started-at="2025-12-23T12:22:00 IST" name="loginTest" finished-at="2025-12-23T12:22:02 IST" duration-ms="1795" status="PASS">
          <reporter-output>
          </reporter-output>
        </test-method> <!-- loginTest -->
        <test-method is-config="true" signature="tearDown()[pri:0, instance:com.automation.tests.LoginTest@4b14c583]" started-at="2025-12-23T12:22:02 IST" name="tearDown" finished-at="2025-12-23T12:22:02 IST" duration-ms="225" status="PASS">
          <reporter-output>
          </reporter-output>
        </test-method> <!-- tearDown -->
      </class> <!-- com.automation.tests.LoginTest -->
    </test> <!-- Surefire test -->
  </suite> <!-- Surefire suite -->
</testng-results>
